<?xml version="1.0" encoding="UTF-8"?>
<!DOCTYPE properties SYSTEM "http://java.sun.com/dtd/properties.dtd">
<properties version="1.0">
    <comment>Test run arguments for ets-wms13</comment>
    <entry key="capabilities-url"></entry>
    <entry key="updatesequence">auto</entry>
    <entry key="high-updatesequence"></entry>
    <entry key="low-updatesequence"></entry>
    <entry key="basic">basic</entry>
    <entry key="queryable">false</entry>
    <entry key="raster_elevation">false</entry>
    <entry key="vector_elevation">false</entry>
    <entry key="time">false</entry>
    <entry key="recommended">false</entry>
</properties>
